#! /opt/homebrew/Cellar/icarus-verilog/13.0/bin/vvp
:ivl_version "13.0 (stable)" "(v13_0)";
:ivl_delay_selection "TYPICAL";
:vpi_time_precision - 12;
:vpi_module "/opt/homebrew/Cellar/icarus-verilog/13.0/lib/ivl/system.vpi";
:vpi_module "/opt/homebrew/Cellar/icarus-verilog/13.0/lib/ivl/vhdl_sys.vpi";
:vpi_module "/opt/homebrew/Cellar/icarus-verilog/13.0/lib/ivl/vhdl_textio.vpi";
:vpi_module "/opt/homebrew/Cellar/icarus-verilog/13.0/lib/ivl/v2005_math.vpi";
:vpi_module "/opt/homebrew/Cellar/icarus-verilog/13.0/lib/ivl/va_math.vpi";
:vpi_module "/opt/homebrew/Cellar/icarus-verilog/13.0/lib/ivl/v2009.vpi";
S_0x105171da0 .scope package, "$unit" "$unit" 2 1;
 .timescale 0 0;
S_0x105171f20 .scope module, "pc_adder" "pc_adder" 3 25;
 .timescale 0 0;
    .port_info 0 /INPUT 32 "pc_curr";
    .port_info 1 /OUTPUT 32 "pc_next";
o0xa76844010 .functor BUFZ 32, c4<zzzzzzzzzzzzzzzzzzzzzzzzzzzzzzzz>; HiZ drive
v0xa76c501e0_0 .net "pc_curr", 31 0, o0xa76844010;  0 drivers
v0xa76c50280_0 .var "pc_next", 31 0;
E_0xa770213c0 .event anyedge, v0xa76c501e0_0;
S_0x1051683a0 .scope module, "tb_riscv_core" "tb_riscv_core" 4 3;
 .timescale -9 -12;
v0xa76c52f80_0 .var "clk", 0 0;
v0xa76c53020_0 .var "rst_n", 0 0;
S_0x105168520 .scope module, "uut" "riscv_core" 4 10, 5 1 0, S_0x1051683a0;
 .timescale 0 0;
    .port_info 0 /INPUT 1 "clk";
    .port_info 1 /INPUT 1 "rst_n";
L_0x1051757c0 .functor AND 1, v0xa76c50960_0, L_0xa77028640, C4<1>, C4<1>;
L_0xa76878010 .functor BUFT 1, C4<00000000000000000000000000000100>, C4<0>, C4<0>, C4<0>;
v0xa76c52120_0 .net/2u *"_ivl_0", 31 0, L_0xa76878010;  1 drivers
v0xa76c521c0_0 .net *"_ivl_16", 0 0, L_0x1051757c0;  1 drivers
v0xa76c52260_0 .net *"_ivl_18", 31 0, L_0xa76c748c0;  1 drivers
v0xa76c52300_0 .net "alu_ctrl", 3 0, v0xa76c50780_0;  1 drivers
v0xa76c523a0_0 .net "alu_operand_b", 31 0, L_0xa76c74a00;  1 drivers
v0xa76c52440_0 .net "alu_result", 31 0, v0xa76c505a0_0;  1 drivers
v0xa76c524e0_0 .net "alu_src", 0 0, v0xa76c508c0_0;  1 drivers
v0xa76c52580_0 .net "alu_zero", 0 0, L_0xa77028640;  1 drivers
v0xa76c52620_0 .net "branch", 0 0, v0xa76c50960_0;  1 drivers
v0xa76c526c0_0 .net "clk", 0 0, v0xa76c52f80_0;  1 drivers
v0xa76c52760_0 .net "imm_ext", 31 0, v0xa76c50dc0_0;  1 drivers
v0xa76c52800_0 .net "inst", 31 0, v0xa76c50f00_0;  1 drivers
L_0xa76878250 .functor BUFT 1, C4<00000000000000000000000000000000>, C4<0>, C4<0>, C4<0>;
v0xa76c528a0_0 .net "mem_read_data", 31 0, L_0xa76878250;  1 drivers
v0xa76c52940_0 .net "mem_to_reg", 0 0, v0xa76c50b40_0;  1 drivers
v0xa76c529e0_0 .net "mem_write", 0 0, v0xa76c50be0_0;  1 drivers
v0xa76c52a80_0 .net "pc_current", 31 0, v0xa76c51180_0;  1 drivers
v0xa76c52b20_0 .net "pc_next", 31 0, L_0xa76c74960;  1 drivers
v0xa76c52bc0_0 .net "pc_plus4", 31 0, L_0xa76c746e0;  1 drivers
v0xa76c52c60_0 .net "reg_data1", 31 0, L_0xa76c74780;  1 drivers
v0xa76c52d00_0 .net "reg_data2", 31 0, L_0xa76c74820;  1 drivers
v0xa76c52da0_0 .net "reg_write", 0 0, v0xa76c50d20_0;  1 drivers
v0xa76c52e40_0 .net "reg_write_data", 31 0, L_0xa76c74aa0;  1 drivers
v0xa76c52ee0_0 .net "rst_n", 0 0, v0xa76c53020_0;  1 drivers
L_0xa76c746e0 .arith/sum 32, v0xa76c51180_0, L_0xa76878010;
L_0xa76c530c0 .part v0xa76c50f00_0, 0, 7;
L_0xa76c53160 .part v0xa76c50f00_0, 12, 3;
L_0xa76c53200 .part v0xa76c50f00_0, 30, 1;
L_0xa76c532a0 .part v0xa76c50f00_0, 15, 5;
L_0xa76c53340 .part v0xa76c50f00_0, 20, 5;
L_0xa76c533e0 .part v0xa76c50f00_0, 7, 5;
L_0xa76c748c0 .arith/sum 32, v0xa76c51180_0, v0xa76c50dc0_0;
L_0xa76c74960 .functor MUXZ 32, L_0xa76c746e0, L_0xa76c748c0, L_0x1051757c0, C4<>;
L_0xa76c74a00 .functor MUXZ 32, L_0xa76c74820, v0xa76c50dc0_0, v0xa76c508c0_0, C4<>;
L_0xa76c74aa0 .functor MUXZ 32, v0xa76c505a0_0, L_0xa76878250, v0xa76c50b40_0, C4<>;
S_0x105170950 .scope module, "u_alu" "alu" 5 105, 6 1 0, S_0x105168520;
 .timescale 0 0;
    .port_info 0 /INPUT 32 "a";
    .port_info 1 /INPUT 32 "b";
    .port_info 2 /INPUT 4 "alu_ctrl";
    .port_info 3 /OUTPUT 32 "result";
    .port_info 4 /OUTPUT 1 "zero";
L_0xa76878208 .functor BUFT 1, C4<00000000000000000000000000000000>, C4<0>, C4<0>, C4<0>;
v0xa76c50320_0 .net/2u *"_ivl_2", 31 0, L_0xa76878208;  1 drivers
v0xa76c503c0_0 .net "a", 31 0, L_0xa76c74780;  alias, 1 drivers
v0xa76c50460_0 .net "alu_ctrl", 3 0, v0xa76c50780_0;  alias, 1 drivers
v0xa76c50500_0 .net "b", 31 0, L_0xa76c74a00;  alias, 1 drivers
v0xa76c505a0_0 .var "result", 31 0;
v0xa76c50640_0 .net "shift_amt", 4 0, L_0xa76c53480;  1 drivers
v0xa76c506e0_0 .net "zero", 0 0, L_0xa77028640;  alias, 1 drivers
E_0xa77021400 .event anyedge, v0xa76c50460_0, v0xa76c503c0_0, v0xa76c50500_0, v0xa76c50640_0;
L_0xa76c53480 .part L_0xa76c74a00, 0, 5;
L_0xa77028640 .cmp/eq 32, v0xa76c505a0_0, L_0xa76878208;
S_0x105170ad0 .scope module, "u_control_unit" "control_unit" 5 69, 7 1 0, S_0x105168520;
 .timescale 0 0;
    .port_info 0 /INPUT 7 "opcode";
    .port_info 1 /INPUT 3 "funct3";
    .port_info 2 /INPUT 1 "funct7_b5";
    .port_info 3 /OUTPUT 1 "reg_write";
    .port_info 4 /OUTPUT 1 "alu_src";
    .port_info 5 /OUTPUT 1 "mem_write";
    .port_info 6 /OUTPUT 1 "mem_to_reg";
    .port_info 7 /OUTPUT 1 "branch";
    .port_info 8 /OUTPUT 4 "alu_ctrl";
v0xa76c50780_0 .var "alu_ctrl", 3 0;
v0xa76c50820_0 .var "alu_op", 1 0;
v0xa76c508c0_0 .var "alu_src", 0 0;
v0xa76c50960_0 .var "branch", 0 0;
v0xa76c50a00_0 .net "funct3", 2 0, L_0xa76c53160;  1 drivers
v0xa76c50aa0_0 .net "funct7_b5", 0 0, L_0xa76c53200;  1 drivers
v0xa76c50b40_0 .var "mem_to_reg", 0 0;
v0xa76c50be0_0 .var "mem_write", 0 0;
v0xa76c50c80_0 .net "opcode", 6 0, L_0xa76c530c0;  1 drivers
v0xa76c50d20_0 .var "reg_write", 0 0;
E_0xa77021440 .event anyedge, v0xa76c50820_0, v0xa76c50a00_0, v0xa76c50aa0_0;
E_0xa77021480 .event anyedge, v0xa76c50c80_0;
S_0x105171310 .scope module, "u_imm_gen" "imm_gen" 5 98, 8 1 0, S_0x105168520;
 .timescale 0 0;
    .port_info 0 /INPUT 32 "inst";
    .port_info 1 /OUTPUT 32 "imm_ext";
v0xa76c50dc0_0 .var "imm_ext", 31 0;
v0xa76c50e60_0 .net "inst", 31 0, v0xa76c50f00_0;  alias, 1 drivers
E_0xa770214c0 .event anyedge, v0xa76c50e60_0;
S_0x105171490 .scope module, "u_instruction_mem" "instruction_mem" 5 61, 9 35 0, S_0x105168520;
 .timescale 0 0;
    .port_info 0 /INPUT 32 "pc_addr";
    .port_info 1 /OUTPUT 32 "instruction";
v0xa76c50f00_0 .var "instruction", 31 0;
v0xa76c50fa0_0 .net "pc_addr", 31 0, v0xa76c51180_0;  alias, 1 drivers
E_0xa77021500 .event anyedge, v0xa76c50fa0_0;
S_0x105171910 .scope module, "u_program_counter" "program_counter" 5 47, 3 1 0, S_0x105168520;
 .timescale 0 0;
    .port_info 0 /INPUT 1 "clk";
    .port_info 1 /INPUT 1 "rst_n";
    .port_info 2 /INPUT 32 "pc_next";
    .port_info 3 /OUTPUT 32 "pc_out";
v0xa76c51040_0 .net "clk", 0 0, v0xa76c52f80_0;  alias, 1 drivers
v0xa76c510e0_0 .net "pc_next", 31 0, L_0xa76c74960;  alias, 1 drivers
v0xa76c51180_0 .var "pc_out", 31 0;
v0xa76c51220_0 .net "rst_n", 0 0, v0xa76c53020_0;  alias, 1 drivers
E_0xa77021540/0 .event negedge, v0xa76c51220_0;
E_0xa77021540/1 .event posedge, v0xa76c51040_0;
E_0xa77021540 .event/or E_0xa77021540/0, E_0xa77021540/1;
S_0x105171a90 .scope module, "u_register_file" "register_file" 5 84, 10 1 0, S_0x105168520;
 .timescale 0 0;
    .port_info 0 /INPUT 1 "clk";
    .port_info 1 /INPUT 1 "rst_n";
    .port_info 2 /INPUT 1 "reg_write";
    .port_info 3 /INPUT 5 "raddr1";
    .port_info 4 /INPUT 5 "raddr2";
    .port_info 5 /INPUT 5 "waddr";
    .port_info 6 /INPUT 32 "write_data";
    .port_info 7 /OUTPUT 32 "read_data1";
    .port_info 8 /OUTPUT 32 "read_data2";
L_0xa76878058 .functor BUFT 1, C4<00000>, C4<0>, C4<0>, C4<0>;
v0xa76c51360_0 .net/2u *"_ivl_0", 4 0, L_0xa76878058;  1 drivers
L_0xa768780e8 .functor BUFT 1, C4<00>, C4<0>, C4<0>, C4<0>;
v0xa76c51400_0 .net *"_ivl_11", 1 0, L_0xa768780e8;  1 drivers
L_0xa76878130 .functor BUFT 1, C4<00000>, C4<0>, C4<0>, C4<0>;
v0xa76c514a0_0 .net/2u *"_ivl_14", 4 0, L_0xa76878130;  1 drivers
v0xa76c51540_0 .net *"_ivl_16", 0 0, L_0xa77028500;  1 drivers
L_0xa76878178 .functor BUFT 1, C4<00000000000000000000000000000000>, C4<0>, C4<0>, C4<0>;
v0xa76c515e0_0 .net/2u *"_ivl_18", 31 0, L_0xa76878178;  1 drivers
v0xa76c51680_0 .net *"_ivl_2", 0 0, L_0xa770283c0;  1 drivers
v0xa76c51720_0 .net *"_ivl_20", 31 0, L_0xa770285a0;  1 drivers
v0xa76c517c0_0 .net *"_ivl_22", 6 0, L_0x105175720;  1 drivers
L_0xa768781c0 .functor BUFT 1, C4<00>, C4<0>, C4<0>, C4<0>;
v0xa76c51860_0 .net *"_ivl_25", 1 0, L_0xa768781c0;  1 drivers
L_0xa768780a0 .functor BUFT 1, C4<00000000000000000000000000000000>, C4<0>, C4<0>, C4<0>;
v0xa76c51900_0 .net/2u *"_ivl_4", 31 0, L_0xa768780a0;  1 drivers
v0xa76c519a0_0 .net *"_ivl_6", 31 0, L_0xa77028460;  1 drivers
v0xa76c51a40_0 .net *"_ivl_8", 6 0, L_0x1051766f0;  1 drivers
v0xa76c51ae0_0 .net "clk", 0 0, v0xa76c52f80_0;  alias, 1 drivers
v0xa76c51b80_0 .net "raddr1", 4 0, L_0xa76c532a0;  1 drivers
v0xa76c51c20_0 .net "raddr2", 4 0, L_0xa76c53340;  1 drivers
v0xa76c51cc0_0 .net "read_data1", 31 0, L_0xa76c74780;  alias, 1 drivers
v0xa76c51d60_0 .net "read_data2", 31 0, L_0xa76c74820;  alias, 1 drivers
v0xa76c51e00_0 .net "reg_write", 0 0, v0xa76c50d20_0;  alias, 1 drivers
v0xa76c51ea0 .array "rf", 31 0, 31 0;
v0xa76c51f40_0 .net "rst_n", 0 0, v0xa76c53020_0;  alias, 1 drivers
v0xa76c51fe0_0 .net "waddr", 4 0, L_0xa76c533e0;  1 drivers
v0xa76c52080_0 .net "write_data", 31 0, L_0xa76c74aa0;  alias, 1 drivers
L_0xa770283c0 .cmp/eq 5, L_0xa76c532a0, L_0xa76878058;
L_0xa77028460 .array/port v0xa76c51ea0, L_0x1051766f0;
L_0x1051766f0 .concat [ 5 2 0 0], L_0xa76c532a0, L_0xa768780e8;
L_0xa76c74780 .functor MUXZ 32, L_0xa77028460, L_0xa768780a0, L_0xa770283c0, C4<>;
L_0xa77028500 .cmp/eq 5, L_0xa76c53340, L_0xa76878130;
L_0xa770285a0 .array/port v0xa76c51ea0, L_0x105175720;
L_0x105175720 .concat [ 5 2 0 0], L_0xa76c53340, L_0xa768781c0;
L_0xa76c74820 .functor MUXZ 32, L_0xa770285a0, L_0xa76878178, L_0xa77028500, C4<>;
S_0x105170370 .scope begin, "$ivl_for_loop0" "$ivl_for_loop0" 10 30, 10 30 0, S_0x105171a90;
 .timescale 0 0;
v0xa76c512c0_0 .var/2s "i", 31 0;
    .scope S_0x105171f20;
T_0 ;
Ewait_0 .event/or E_0xa770213c0, E_0x0;
    %wait Ewait_0;
    %load/vec4 v0xa76c501e0_0;
    %addi 4, 0, 32;
    %store/vec4 v0xa76c50280_0, 0, 32;
    %jmp T_0;
    .thread T_0, $push;
    .scope S_0x105171910;
T_1 ;
    %wait E_0xa77021540;
    %load/vec4 v0xa76c51220_0;
    %nor/r;
    %flag_set/vec4 8;
    %jmp/0xz  T_1.0, 8;
    %pushi/vec4 0, 0, 32;
    %assign/vec4 v0xa76c51180_0, 0;
    %jmp T_1.1;
T_1.0 ;
    %load/vec4 v0xa76c510e0_0;
    %assign/vec4 v0xa76c51180_0, 0;
T_1.1 ;
    %jmp T_1;
    .thread T_1;
    .scope S_0x105171490;
T_2 ;
Ewait_1 .event/or E_0xa77021500, E_0x0;
    %wait Ewait_1;
    %load/vec4 v0xa76c50fa0_0;
    %cmpi/e 0, 0, 32;
    %jmp/0xz  T_2.0, 4;
    %pushi/vec4 5243027, 0, 32;
    %store/vec4 v0xa76c50f00_0, 0, 32;
    %jmp T_2.1;
T_2.0 ;
    %pushi/vec4 19, 0, 32;
    %store/vec4 v0xa76c50f00_0, 0, 32;
T_2.1 ;
    %jmp T_2;
    .thread T_2, $push;
    .scope S_0x105170ad0;
T_3 ;
Ewait_2 .event/or E_0xa77021480, E_0x0;
    %wait Ewait_2;
    %pushi/vec4 0, 0, 1;
    %store/vec4 v0xa76c50d20_0, 0, 1;
    %pushi/vec4 0, 0, 1;
    %store/vec4 v0xa76c508c0_0, 0, 1;
    %pushi/vec4 0, 0, 1;
    %store/vec4 v0xa76c50be0_0, 0, 1;
    %pushi/vec4 0, 0, 1;
    %store/vec4 v0xa76c50b40_0, 0, 1;
    %pushi/vec4 0, 0, 1;
    %store/vec4 v0xa76c50960_0, 0, 1;
    %pushi/vec4 0, 0, 2;
    %store/vec4 v0xa76c50820_0, 0, 2;
    %load/vec4 v0xa76c50c80_0;
    %dup/vec4;
    %pushi/vec4 51, 0, 7;
    %cmp/u;
    %jmp/1 T_3.0, 6;
    %dup/vec4;
    %pushi/vec4 3, 0, 7;
    %cmp/u;
    %jmp/1 T_3.1, 6;
    %dup/vec4;
    %pushi/vec4 19, 0, 7;
    %cmp/u;
    %jmp/1 T_3.2, 6;
    %dup/vec4;
    %pushi/vec4 35, 0, 7;
    %cmp/u;
    %jmp/1 T_3.3, 6;
    %dup/vec4;
    %pushi/vec4 99, 0, 7;
    %cmp/u;
    %jmp/1 T_3.4, 6;
    %jmp T_3.6;
T_3.0 ;
    %pushi/vec4 1, 0, 1;
    %store/vec4 v0xa76c50d20_0, 0, 1;
    %pushi/vec4 0, 0, 1;
    %store/vec4 v0xa76c508c0_0, 0, 1;
    %pushi/vec4 0, 0, 1;
    %store/vec4 v0xa76c50be0_0, 0, 1;
    %pushi/vec4 0, 0, 1;
    %store/vec4 v0xa76c50b40_0, 0, 1;
    %pushi/vec4 0, 0, 1;
    %store/vec4 v0xa76c50960_0, 0, 1;
    %pushi/vec4 2, 0, 2;
    %store/vec4 v0xa76c50820_0, 0, 2;
    %jmp T_3.6;
T_3.1 ;
    %pushi/vec4 1, 0, 1;
    %store/vec4 v0xa76c50d20_0, 0, 1;
    %pushi/vec4 1, 0, 1;
    %store/vec4 v0xa76c508c0_0, 0, 1;
    %pushi/vec4 0, 0, 1;
    %store/vec4 v0xa76c50be0_0, 0, 1;
    %pushi/vec4 1, 0, 1;
    %store/vec4 v0xa76c50b40_0, 0, 1;
    %pushi/vec4 0, 0, 1;
    %store/vec4 v0xa76c50960_0, 0, 1;
    %pushi/vec4 0, 0, 2;
    %store/vec4 v0xa76c50820_0, 0, 2;
    %jmp T_3.6;
T_3.2 ;
    %pushi/vec4 1, 0, 1;
    %store/vec4 v0xa76c50d20_0, 0, 1;
    %pushi/vec4 1, 0, 1;
    %store/vec4 v0xa76c508c0_0, 0, 1;
    %pushi/vec4 0, 0, 1;
    %store/vec4 v0xa76c50be0_0, 0, 1;
    %pushi/vec4 0, 0, 1;
    %store/vec4 v0xa76c50b40_0, 0, 1;
    %pushi/vec4 0, 0, 1;
    %store/vec4 v0xa76c50960_0, 0, 1;
    %pushi/vec4 0, 0, 2;
    %store/vec4 v0xa76c50820_0, 0, 2;
    %jmp T_3.6;
T_3.3 ;
    %pushi/vec4 0, 0, 1;
    %store/vec4 v0xa76c50d20_0, 0, 1;
    %pushi/vec4 1, 0, 1;
    %store/vec4 v0xa76c508c0_0, 0, 1;
    %pushi/vec4 1, 0, 1;
    %store/vec4 v0xa76c50be0_0, 0, 1;
    %pushi/vec4 0, 0, 1;
    %store/vec4 v0xa76c50b40_0, 0, 1;
    %pushi/vec4 0, 0, 1;
    %store/vec4 v0xa76c50960_0, 0, 1;
    %pushi/vec4 0, 0, 2;
    %store/vec4 v0xa76c50820_0, 0, 2;
    %jmp T_3.6;
T_3.4 ;
    %pushi/vec4 0, 0, 1;
    %store/vec4 v0xa76c50d20_0, 0, 1;
    %pushi/vec4 0, 0, 1;
    %store/vec4 v0xa76c508c0_0, 0, 1;
    %pushi/vec4 0, 0, 1;
    %store/vec4 v0xa76c50be0_0, 0, 1;
    %pushi/vec4 0, 0, 1;
    %store/vec4 v0xa76c50b40_0, 0, 1;
    %pushi/vec4 1, 0, 1;
    %store/vec4 v0xa76c50960_0, 0, 1;
    %pushi/vec4 1, 0, 2;
    %store/vec4 v0xa76c50820_0, 0, 2;
    %pushi/vec4 1, 0, 2;
    %store/vec4 v0xa76c50820_0, 0, 2;
    %jmp T_3.6;
T_3.6 ;
    %pop/vec4 1;
    %jmp T_3;
    .thread T_3, $push;
    .scope S_0x105170ad0;
T_4 ;
Ewait_3 .event/or E_0xa77021440, E_0x0;
    %wait Ewait_3;
    %pushi/vec4 2, 0, 4;
    %store/vec4 v0xa76c50780_0, 0, 4;
    %load/vec4 v0xa76c50820_0;
    %dup/vec4;
    %pushi/vec4 0, 0, 2;
    %cmp/u;
    %jmp/1 T_4.0, 6;
    %dup/vec4;
    %pushi/vec4 1, 0, 2;
    %cmp/u;
    %jmp/1 T_4.1, 6;
    %dup/vec4;
    %pushi/vec4 2, 0, 2;
    %cmp/u;
    %jmp/1 T_4.2, 6;
    %pushi/vec4 2, 0, 4;
    %store/vec4 v0xa76c50780_0, 0, 4;
    %jmp T_4.4;
T_4.0 ;
    %pushi/vec4 2, 0, 4;
    %store/vec4 v0xa76c50780_0, 0, 4;
    %jmp T_4.4;
T_4.1 ;
    %pushi/vec4 6, 0, 4;
    %store/vec4 v0xa76c50780_0, 0, 4;
    %jmp T_4.4;
T_4.2 ;
    %load/vec4 v0xa76c50a00_0;
    %dup/vec4;
    %pushi/vec4 0, 0, 3;
    %cmp/u;
    %jmp/1 T_4.5, 6;
    %dup/vec4;
    %pushi/vec4 4, 0, 3;
    %cmp/u;
    %jmp/1 T_4.6, 6;
    %dup/vec4;
    %pushi/vec4 6, 0, 3;
    %cmp/u;
    %jmp/1 T_4.7, 6;
    %dup/vec4;
    %pushi/vec4 7, 0, 3;
    %cmp/u;
    %jmp/1 T_4.8, 6;
    %dup/vec4;
    %pushi/vec4 1, 0, 3;
    %cmp/u;
    %jmp/1 T_4.9, 6;
    %dup/vec4;
    %pushi/vec4 5, 0, 3;
    %cmp/u;
    %jmp/1 T_4.10, 6;
    %pushi/vec4 2, 0, 4;
    %store/vec4 v0xa76c50780_0, 0, 4;
    %jmp T_4.12;
T_4.5 ;
    %load/vec4 v0xa76c50aa0_0;
    %flag_set/vec4 8;
    %jmp/0xz  T_4.13, 8;
    %pushi/vec4 6, 0, 4;
    %store/vec4 v0xa76c50780_0, 0, 4;
    %jmp T_4.14;
T_4.13 ;
    %pushi/vec4 2, 0, 4;
    %store/vec4 v0xa76c50780_0, 0, 4;
T_4.14 ;
    %jmp T_4.12;
T_4.6 ;
    %pushi/vec4 3, 0, 4;
    %store/vec4 v0xa76c50780_0, 0, 4;
    %jmp T_4.12;
T_4.7 ;
    %pushi/vec4 1, 0, 4;
    %store/vec4 v0xa76c50780_0, 0, 4;
    %jmp T_4.12;
T_4.8 ;
    %pushi/vec4 0, 0, 4;
    %store/vec4 v0xa76c50780_0, 0, 4;
    %jmp T_4.12;
T_4.9 ;
    %pushi/vec4 4, 0, 4;
    %store/vec4 v0xa76c50780_0, 0, 4;
    %jmp T_4.12;
T_4.10 ;
    %load/vec4 v0xa76c50aa0_0;
    %flag_set/vec4 8;
    %jmp/0xz  T_4.15, 8;
    %pushi/vec4 13, 0, 4;
    %store/vec4 v0xa76c50780_0, 0, 4;
    %jmp T_4.16;
T_4.15 ;
    %pushi/vec4 5, 0, 4;
    %store/vec4 v0xa76c50780_0, 0, 4;
T_4.16 ;
    %jmp T_4.12;
T_4.12 ;
    %pop/vec4 1;
    %jmp T_4.4;
T_4.4 ;
    %pop/vec4 1;
    %jmp T_4;
    .thread T_4, $push;
    .scope S_0x105171a90;
T_5 ;
    %wait E_0xa77021540;
    %load/vec4 v0xa76c51f40_0;
    %nor/r;
    %flag_set/vec4 8;
    %jmp/0xz  T_5.0, 8;
    %fork t_1, S_0x105170370;
    %jmp t_0;
    .scope S_0x105170370;
t_1 ;
    %pushi/vec4 1, 0, 32;
    %store/vec4 v0xa76c512c0_0, 0, 32;
T_5.2 ; Top of for-loop
    %load/vec4 v0xa76c512c0_0;
    %cmpi/s 32, 0, 32;
	  %jmp/0xz T_5.3, 5;
    %pushi/vec4 0, 0, 32;
    %ix/getv/s 3, v0xa76c512c0_0;
    %ix/load 4, 0, 0; Constant delay
    %assign/vec4/a/d v0xa76c51ea0, 0, 4;
T_5.4 ; for-loop step statement
    ; show_stmt_assign_vector: Get l-value for compressed += operand
    %load/vec4 v0xa76c512c0_0;
    %pushi/vec4 1, 0, 32;
    %add;
    %cast2;
    %store/vec4 v0xa76c512c0_0, 0, 32;
    %jmp T_5.2;
T_5.3 ; for-loop exit label
    %end;
    .scope S_0x105171a90;
t_0 %join;
    %jmp T_5.1;
T_5.0 ;
    %load/vec4 v0xa76c52080_0;
    %cmpi/ne 0, 0, 32;
    %flag_get/vec4 4;
    %jmp/0 T_5.7, 4;
    %load/vec4 v0xa76c51fe0_0;
    %pushi/vec4 0, 0, 5;
    %cmp/ne;
    %flag_get/vec4 4;
    %and;
T_5.7;
    %flag_set/vec4 8;
    %jmp/0xz  T_5.5, 8;
    %load/vec4 v0xa76c52080_0;
    %load/vec4 v0xa76c51fe0_0;
    %pad/u 7;
    %ix/vec4 3;
    %ix/load 4, 0, 0; Constant delay
    %assign/vec4/a/d v0xa76c51ea0, 0, 4;
T_5.5 ;
T_5.1 ;
    %jmp T_5;
    .thread T_5;
    .scope S_0x105171310;
T_6 ;
Ewait_4 .event/or E_0xa770214c0, E_0x0;
    %wait Ewait_4;
    %load/vec4 v0xa76c50e60_0;
    %parti/s 7, 0, 2;
    %dup/vec4;
    %pushi/vec4 19, 0, 7;
    %cmp/u;
    %jmp/1 T_6.0, 6;
    %dup/vec4;
    %pushi/vec4 3, 0, 7;
    %cmp/u;
    %jmp/1 T_6.1, 6;
    %dup/vec4;
    %pushi/vec4 35, 0, 7;
    %cmp/u;
    %jmp/1 T_6.2, 6;
    %dup/vec4;
    %pushi/vec4 99, 0, 7;
    %cmp/u;
    %jmp/1 T_6.3, 6;
    %pushi/vec4 0, 0, 32;
    %store/vec4 v0xa76c50dc0_0, 0, 32;
    %jmp T_6.5;
T_6.0 ;
    %load/vec4 v0xa76c50e60_0;
    %parti/s 1, 31, 6;
    %replicate 20;
    %load/vec4 v0xa76c50e60_0;
    %parti/s 12, 20, 6;
    %concat/vec4; draw_concat_vec4
    %store/vec4 v0xa76c50dc0_0, 0, 32;
    %jmp T_6.5;
T_6.1 ;
    %load/vec4 v0xa76c50e60_0;
    %parti/s 1, 31, 6;
    %replicate 20;
    %load/vec4 v0xa76c50e60_0;
    %parti/s 12, 20, 6;
    %concat/vec4; draw_concat_vec4
    %store/vec4 v0xa76c50dc0_0, 0, 32;
    %jmp T_6.5;
T_6.2 ;
    %load/vec4 v0xa76c50e60_0;
    %parti/s 1, 31, 6;
    %replicate 20;
    %load/vec4 v0xa76c50e60_0;
    %parti/s 7, 25, 6;
    %concat/vec4; draw_concat_vec4
    %load/vec4 v0xa76c50e60_0;
    %parti/s 5, 7, 4;
    %concat/vec4; draw_concat_vec4
    %store/vec4 v0xa76c50dc0_0, 0, 32;
    %jmp T_6.5;
T_6.3 ;
    %load/vec4 v0xa76c50e60_0;
    %parti/s 1, 31, 6;
    %replicate 19;
    %load/vec4 v0xa76c50e60_0;
    %parti/s 1, 31, 6;
    %concat/vec4; draw_concat_vec4
    %load/vec4 v0xa76c50e60_0;
    %parti/s 1, 7, 4;
    %concat/vec4; draw_concat_vec4
    %load/vec4 v0xa76c50e60_0;
    %parti/s 6, 25, 6;
    %concat/vec4; draw_concat_vec4
    %load/vec4 v0xa76c50e60_0;
    %parti/s 4, 8, 5;
    %concat/vec4; draw_concat_vec4
    %concati/vec4 0, 0, 1;
    %store/vec4 v0xa76c50dc0_0, 0, 32;
    %jmp T_6.5;
T_6.5 ;
    %pop/vec4 1;
    %jmp T_6;
    .thread T_6, $push;
    .scope S_0x105170950;
T_7 ;
Ewait_5 .event/or E_0xa77021400, E_0x0;
    %wait Ewait_5;
    %load/vec4 v0xa76c50460_0;
    %dup/vec4;
    %pushi/vec4 2, 0, 4;
    %cmp/u;
    %jmp/1 T_7.0, 6;
    %dup/vec4;
    %pushi/vec4 6, 0, 4;
    %cmp/u;
    %jmp/1 T_7.1, 6;
    %dup/vec4;
    %pushi/vec4 0, 0, 4;
    %cmp/u;
    %jmp/1 T_7.2, 6;
    %dup/vec4;
    %pushi/vec4 1, 0, 4;
    %cmp/u;
    %jmp/1 T_7.3, 6;
    %dup/vec4;
    %pushi/vec4 3, 0, 4;
    %cmp/u;
    %jmp/1 T_7.4, 6;
    %dup/vec4;
    %pushi/vec4 4, 0, 4;
    %cmp/u;
    %jmp/1 T_7.5, 6;
    %dup/vec4;
    %pushi/vec4 5, 0, 4;
    %cmp/u;
    %jmp/1 T_7.6, 6;
    %dup/vec4;
    %pushi/vec4 13, 0, 4;
    %cmp/u;
    %jmp/1 T_7.7, 6;
    %pushi/vec4 0, 0, 32;
    %store/vec4 v0xa76c505a0_0, 0, 32;
    %jmp T_7.9;
T_7.0 ;
    %load/vec4 v0xa76c503c0_0;
    %load/vec4 v0xa76c50500_0;
    %add;
    %store/vec4 v0xa76c505a0_0, 0, 32;
    %jmp T_7.9;
T_7.1 ;
    %load/vec4 v0xa76c503c0_0;
    %load/vec4 v0xa76c50500_0;
    %sub;
    %store/vec4 v0xa76c505a0_0, 0, 32;
    %jmp T_7.9;
T_7.2 ;
    %load/vec4 v0xa76c503c0_0;
    %load/vec4 v0xa76c50500_0;
    %and;
    %store/vec4 v0xa76c505a0_0, 0, 32;
    %jmp T_7.9;
T_7.3 ;
    %load/vec4 v0xa76c503c0_0;
    %load/vec4 v0xa76c50500_0;
    %or;
    %store/vec4 v0xa76c505a0_0, 0, 32;
    %jmp T_7.9;
T_7.4 ;
    %load/vec4 v0xa76c503c0_0;
    %load/vec4 v0xa76c50500_0;
    %xor;
    %store/vec4 v0xa76c505a0_0, 0, 32;
    %jmp T_7.9;
T_7.5 ;
    %load/vec4 v0xa76c503c0_0;
    %ix/getv 4, v0xa76c50640_0;
    %shiftl 4;
    %store/vec4 v0xa76c505a0_0, 0, 32;
    %jmp T_7.9;
T_7.6 ;
    %load/vec4 v0xa76c503c0_0;
    %ix/getv 4, v0xa76c50640_0;
    %shiftr 4;
    %store/vec4 v0xa76c505a0_0, 0, 32;
    %jmp T_7.9;
T_7.7 ;
    %load/vec4 v0xa76c503c0_0;
    %ix/getv 4, v0xa76c50640_0;
    %shiftr/s 4;
    %store/vec4 v0xa76c505a0_0, 0, 32;
    %jmp T_7.9;
T_7.9 ;
    %pop/vec4 1;
    %jmp T_7;
    .thread T_7, $push;
    .scope S_0x1051683a0;
T_8 ;
    %delay 5000, 0;
    %load/vec4 v0xa76c52f80_0;
    %inv;
    %store/vec4 v0xa76c52f80_0, 0, 1;
    %jmp T_8;
    .thread T_8;
    .scope S_0x1051683a0;
T_9 ;
    %pushi/vec4 0, 0, 1;
    %store/vec4 v0xa76c52f80_0, 0, 1;
    %pushi/vec4 0, 0, 1;
    %store/vec4 v0xa76c53020_0, 0, 1;
    %delay 20000, 0;
    %pushi/vec4 1, 0, 1;
    %store/vec4 v0xa76c53020_0, 0, 1;
    %delay 40000, 0;
    %vpi_call/w 4 33 "$display", "--- Simulation Completed Successfully ---" {0 0 0};
    %vpi_call/w 4 34 "$finish" {0 0 0};
    %end;
    .thread T_9;
    .scope S_0x1051683a0;
T_10 ;
    %vpi_call/w 4 40 "$monitor", "Time=%0t | PC=%h | Inst=%h | ALU Ctrl=%b | ALU Result=%d | Reg Write=%b", $time, v0xa76c52a80_0, v0xa76c52800_0, v0xa76c52300_0, v0xa76c52440_0, v0xa76c52da0_0 {0 0 0};
    %end;
    .thread T_10;
    .scope S_0x1051683a0;
T_11 ;
    %vpi_call/w 4 46 "$dumpfile", "cpu_simulation.vcd" {0 0 0};
    %vpi_call/w 4 47 "$dumpvars", 32'sb00000000000000000000000000000000, S_0x1051683a0 {0 0 0};
    %end;
    .thread T_11;
# The file index is used to find the file name in the following table.
:file_names 11;
    "N/A";
    "<interactive>";
    "-";
    "pc.sv";
    "../tb/tb_riscv_core.sv";
    "riscv_core.sv";
    "alu.sv";
    "control_unit.sv";
    "imm_gen.sv";
    "instru_mem.sv";
    "register_file.sv";
